This is pdfTeX, Version 3.141592653-2.6-1.40.27 (MiKTeX 25.3) (preloaded format=pdflatex 2025.3.13)  13 MAR 2025 22:22
entering extended mode
 restricted \write18 enabled.
 %&-line parsing enabled.
**./formular-editor-dokumentation.tex
(formular-editor-dokumentation.tex
LaTeX2e <2024-11-01> patch level 2
L3 programming layer <2025-01-18>

(C:\Users\MustafaShahin\AppData\Local\Programs\MiKTeX\tex/latex/base\article.cl
s
Document Class: article 2024/06/29 v1.4n Standard LaTeX document class

(C:\Users\MustafaShahin\AppData\Local\Programs\MiKTeX\tex/latex/base\size11.clo
File: size11.clo 2024/06/29 v1.4n Standard LaTeX file (size option)
)
\c@part=\count196
\c@section=\count197
\c@subsection=\count198
\c@subsubsection=\count199
\c@paragraph=\count266
\c@subparagraph=\count267
\c@figure=\count268
\c@table=\count269
\abovecaptionskip=\skip49
\belowcaptionskip=\skip50
\bibindent=\dimen141
)
(C:\Users\MustafaShahin\AppData\Local\Programs\MiKTeX\tex/generic/babel\babel.s
ty
Package: babel 2025/02/14 v25.4 The multilingual framework for pdfLaTeX, LuaLaT
eX and XeLaTeX
\babel@savecnt=\count270
\U@D=\dimen142
\l@unhyphenated=\language79

(C:\Users\MustafaShahin\AppData\Local\Programs\MiKTeX\tex/generic/babel\txtbabe
l.def)
\bbl@readstream=\read2
\bbl@dirlevel=\count271

*************************************
* Local config file bblopts.cfg used
*

(C:\Users\MustafaShahin\AppData\Local\Programs\MiKTeX\tex/latex/arabi\bblopts.c
fg
File: bblopts.cfg 2005/09/08 v0.1 add Arabic and Farsi to "declared" options of
 babel
)
(C:\Users\MustafaShahin\AppData\Local\Programs\MiKTeX\tex/latex/babel-german\ng
erman.ldf
Language: ngerman 2024/12/10 v2.15 German support for babel (post-1996 orthogra
phy)

(C:\Users\MustafaShahin\AppData\Local\Programs\MiKTeX\tex/latex/babel-german\ng
ermanb.ldf
Language: ngermanb 2024/12/10 v2.15 German support for babel (post-1996 orthogr
aphy)
Package babel Info: Making " an active character on input line 122.
)))
(C:\Users\MustafaShahin\AppData\Local\Programs\MiKTeX\tex/generic/babel/locale/
de\babel-ngerman.tex
Package babel Info: Importing font and identification data for ngerman
(babel)             from babel-de.ini. Reported on input line 11.
)
(C:\Users\MustafaShahin\AppData\Local\Programs\MiKTeX\tex/latex/base\inputenc.s
ty
Package: inputenc 2024/02/08 v1.3d Input encoding file
\inpenc@prehook=\toks17
\inpenc@posthook=\toks18
)
(C:\Users\MustafaShahin\AppData\Local\Programs\MiKTeX\tex/latex/base\fontenc.st
y
Package: fontenc 2021/04/29 v2.0v Standard LaTeX package
)
(C:\Users\MustafaShahin\AppData\Local\Programs\MiKTeX\tex/latex/geometry\geomet
ry.sty
Package: geometry 2020/01/02 v5.9 Page Geometry

(C:\Users\MustafaShahin\AppData\Local\Programs\MiKTeX\tex/latex/graphics\keyval
.sty
Package: keyval 2022/05/29 v1.15 key=value parser (DPC)
\KV@toks@=\toks19
)
(C:\Users\MustafaShahin\AppData\Local\Programs\MiKTeX\tex/generic/iftex\ifvtex.
sty
Package: ifvtex 2019/10/25 v1.7 ifvtex legacy package. Use iftex instead.

(C:\Users\MustafaShahin\AppData\Local\Programs\MiKTeX\tex/generic/iftex\iftex.s
ty
Package: iftex 2024/12/12 v1.0g TeX engine tests
))
\Gm@cnth=\count272
\Gm@cntv=\count273
\c@Gm@tempcnt=\count274
\Gm@bindingoffset=\dimen143
\Gm@wd@mp=\dimen144
\Gm@odd@mp=\dimen145
\Gm@even@mp=\dimen146
\Gm@layoutwidth=\dimen147
\Gm@layoutheight=\dimen148
\Gm@layouthoffset=\dimen149
\Gm@layoutvoffset=\dimen150
\Gm@dimlist=\toks20

(C:\Users\MustafaShahin\AppData\Local\Programs\MiKTeX\tex/latex/geometry\geomet
ry.cfg))
(C:\Users\MustafaShahin\AppData\Local\Programs\MiKTeX\tex/latex/psnfss\helvet.s
ty
Package: helvet 2020/03/25 PSNFSS-v9.3 (WaS) 
)
(C:\Users\MustafaShahin\AppData\Local\Programs\MiKTeX\tex/latex/graphics\graphi
cx.sty
Package: graphicx 2021/09/16 v1.2d Enhanced LaTeX Graphics (DPC,SPQR)

(C:\Users\MustafaShahin\AppData\Local\Programs\MiKTeX\tex/latex/graphics\graphi
cs.sty
Package: graphics 2024/08/06 v1.4g Standard LaTeX Graphics (DPC,SPQR)

(C:\Users\MustafaShahin\AppData\Local\Programs\MiKTeX\tex/latex/graphics\trig.s
ty
Package: trig 2023/12/02 v1.11 sin cos tan (DPC)
)
(C:\Users\MustafaShahin\AppData\Local\Programs\MiKTeX\tex/latex/graphics-cfg\gr
aphics.cfg
File: graphics.cfg 2016/06/04 v1.11 sample graphics configuration
)
Package graphics Info: Driver file: pdftex.def on input line 106.

(C:\Users\MustafaShahin\AppData\Local\Programs\MiKTeX\tex/latex/graphics-def\pd
ftex.def
File: pdftex.def 2024/04/13 v1.2c Graphics/color driver for pdftex
))
\Gin@req@height=\dimen151
\Gin@req@width=\dimen152
)
(C:\Users\MustafaShahin\AppData\Local\Programs\MiKTeX\tex/latex/enumitem\enumit
em.sty
Package: enumitem 2025/02/06 v3.11 Customized lists
\labelindent=\skip51
\enit@outerparindent=\dimen153
\enit@toks=\toks21
\enit@inbox=\box52
\enit@count@id=\count275
\enitdp@description=\count276
)
(C:\Users\MustafaShahin\AppData\Local\Programs\MiKTeX\tex/latex/setspace\setspa
ce.sty
Package: setspace 2022/12/04 v6.7b set line spacing
)
(C:\Users\MustafaShahin\AppData\Local\Programs\MiKTeX\tex/latex/booktabs\bookta
bs.sty
Package: booktabs 2020/01/12 v1.61803398 Publication quality tables
\heavyrulewidth=\dimen154
\lightrulewidth=\dimen155
\cmidrulewidth=\dimen156
\belowrulesep=\dimen157
\belowbottomsep=\dimen158
\aboverulesep=\dimen159
\abovetopsep=\dimen160
\cmidrulesep=\dimen161
\cmidrulekern=\dimen162
\defaultaddspace=\dimen163
\@cmidla=\count277
\@cmidlb=\count278
\@aboverulesep=\dimen164
\@belowrulesep=\dimen165
\@thisruleclass=\count279
\@lastruleclass=\count280
\@thisrulewidth=\dimen166
)
(C:\Users\MustafaShahin\AppData\Local\Programs\MiKTeX\tex/latex/tools\longtable
.sty
Package: longtable 2024-10-27 v4.22 Multi-page Table package (DPC)
\LTleft=\skip52
\LTright=\skip53
\LTpre=\skip54
\LTpost=\skip55
\LTchunksize=\count281
\LTcapwidth=\dimen167
\LT@head=\box53
\LT@firsthead=\box54
\LT@foot=\box55
\LT@lastfoot=\box56
\LT@gbox=\box57
\LT@cols=\count282
\LT@rows=\count283
\c@LT@tables=\count284
\c@LT@chunks=\count285
\LT@p@ftn=\toks22
)
(C:\Users\MustafaShahin\AppData\Local\Programs\MiKTeX\tex/latex/multirow\multir
ow.sty
Package: multirow 2024/11/12 v2.9 Span multiple rows of a table
\multirow@colwidth=\skip56
\multirow@cntb=\count286
\multirow@dima=\skip57
\bigstrutjot=\dimen168
)
(C:\Users\MustafaShahin\AppData\Local\Programs\MiKTeX\tex/latex/fancyhdr\fancyh
dr.sty
Package: fancyhdr 2025/02/07 v5.2 Extensive control of page headers and footers

\f@nch@headwidth=\skip58
\f@nch@offset@elh=\skip59
\f@nch@offset@erh=\skip60
\f@nch@offset@olh=\skip61
\f@nch@offset@orh=\skip62
\f@nch@offset@elf=\skip63
\f@nch@offset@erf=\skip64
\f@nch@offset@olf=\skip65
\f@nch@offset@orf=\skip66
\f@nch@height=\skip67
\f@nch@footalignment=\skip68
\f@nch@widthL=\skip69
\f@nch@widthC=\skip70
\f@nch@widthR=\skip71
\@temptokenb=\toks23
)
LaTeX Font Info:    Trying to load font information for T1+phv on input line 34
.

(C:\Users\MustafaShahin\AppData\Local\Programs\MiKTeX\tex/latex/psnfss\t1phv.fd
File: t1phv.fd 2020/03/25 scalable font definitions for T1/phv.
)
(C:\Users\MustafaShahin\AppData\Local\Programs\MiKTeX\tex/latex/l3backend\l3bac
kend-pdftex.def
File: l3backend-pdftex.def 2024-05-08 L3 backend support: PDF output (pdfTeX)
\l__color_backend_stack_int=\count287
\l__pdf_internal_box=\box58
) (formular-editor-dokumentation.aux)
\openout1 = `formular-editor-dokumentation.aux'.

LaTeX Font Info:    Checking defaults for OML/cmm/m/it on input line 34.
LaTeX Font Info:    ... okay on input line 34.
LaTeX Font Info:    Checking defaults for OMS/cmsy/m/n on input line 34.
LaTeX Font Info:    ... okay on input line 34.
LaTeX Font Info:    Checking defaults for OT1/cmr/m/n on input line 34.
LaTeX Font Info:    ... okay on input line 34.
LaTeX Font Info:    Checking defaults for T1/cmr/m/n on input line 34.
LaTeX Font Info:    ... okay on input line 34.
LaTeX Font Info:    Checking defaults for TS1/cmr/m/n on input line 34.
LaTeX Font Info:    ... okay on input line 34.
LaTeX Font Info:    Checking defaults for OMX/cmex/m/n on input line 34.
LaTeX Font Info:    ... okay on input line 34.
LaTeX Font Info:    Checking defaults for U/cmr/m/n on input line 34.
LaTeX Font Info:    ... okay on input line 34.

*geometry* driver: auto-detecting
*geometry* detected driver: pdftex
*geometry* verbose mode - [ preamble ] result:
* driver: pdftex
* paper: a4paper
* layout: <same size as paper>
* layoutoffset:(h,v)=(0.0pt,0.0pt)
* modes: 
* h-part:(L,W,R)=(71.13188pt, 455.24411pt, 71.13188pt)
* v-part:(T,H,B)=(93.89418pt, 680.02078pt, 71.13188pt)
* \paperwidth=597.50787pt
* \paperheight=845.04684pt
* \textwidth=455.24411pt
* \textheight=680.02078pt
* \oddsidemargin=-1.1381pt
* \evensidemargin=-1.1381pt
* \topmargin=-54.59085pt
* \headheight=51.21504pt
* \headsep=25.0pt
* \topskip=11.0pt
* \footskip=36.98866pt
* \marginparwidth=50.0pt
* \marginparsep=10.0pt
* \columnsep=10.0pt
* \skip\footins=10.0pt plus 4.0pt minus 2.0pt
* \hoffset=0.0pt
* \voffset=0.0pt
* \mag=1000
* \@twocolumnfalse
* \@twosidefalse
* \@mparswitchfalse
* \@reversemarginfalse
* (1in=72.27pt=25.4mm, 1cm=28.453pt)


(C:\Users\MustafaShahin\AppData\Local\Programs\MiKTeX\tex/context/base/mkii\sup
p-pdf.mkii
[Loading MPS to PDF converter (version 2006.09.02).]
\scratchcounter=\count288
\scratchdimen=\dimen169
\scratchbox=\box59
\nofMPsegments=\count289
\nofMParguments=\count290
\everyMPshowfont=\toks24
\MPscratchCnt=\count291
\MPscratchDim=\dimen170
\MPnumerator=\count292
\makeMPintoPDFobject=\count293
\everyMPtoPDFconversion=\toks25
)
(C:\Users\MustafaShahin\AppData\Local\Programs\MiKTeX\tex/latex/epstopdf-pkg\ep
stopdf-base.sty
Package: epstopdf-base 2020-01-24 v2.11 Base part for package epstopdf
Package epstopdf-base Info: Redefining graphics rule for `.eps' on input line 4
85.

(C:\Users\MustafaShahin\AppData\Local\Programs\MiKTeX\tex/latex/00miktex\epstop
df-sys.cfg
File: epstopdf-sys.cfg 2021/03/18 v2.0 Configuration of epstopdf for MiKTeX
))
<ihk_logo.png, id=1, 805.0075pt x 180.675pt>
File: ihk_logo.png Graphic file (type png)
<use ihk_logo.png>
Package pdftex.def Info: ihk_logo.png  used on input line 50.
(pdftex.def)             Requested size: 364.19667pt x 81.73857pt.
LaTeX Font Info:    External font `cmex10' loaded for size
(Font)              <10.95> on input line 73.
LaTeX Font Info:    External font `cmex10' loaded for size
(Font)              <8> on input line 73.
LaTeX Font Info:    External font `cmex10' loaded for size
(Font)              <6> on input line 73.
<green_solutions_logo.png, id=3, 435.87843pt x 94.10156pt>
File: green_solutions_logo.png Graphic file (type png)
<use green_solutions_logo.png>
Package pdftex.def Info: green_solutions_logo.png  used on input line 88.
(pdftex.def)             Requested size: 364.19667pt x 78.62547pt.


[1

{C:/Users/MustafaShahin/AppData/Local/MiKTeX/fonts/map/pdftex/pdftex.map}{C:/Us
ers/MustafaShahin/AppData/Local/Programs/MiKTeX/fonts/enc/dvips/base/8r.enc} <.
/ihk_logo.png> <./green_solutions_logo.png>]
LaTeX Font Info:    Trying to load font information for TS1+phv on input line 1
11.

(C:\Users\MustafaShahin\AppData\Local\Programs\MiKTeX\tex/latex/psnfss\ts1phv.f
d
File: ts1phv.fd 2020/03/25 scalable font definitions for TS1/phv.
)
Overfull \hbox (10.51949pt too wide) in paragraph at lines 122--123
\T1/phv/m/n/10.95 mu-l-ar-be-ar-bei-tung. Der bis-he-ri-ge Formular-Editor ist 
nicht mehr kom-pa-ti-bel mit der neu-en Angular-
 []



File: green_solutions_logo.png Graphic file (type png)
<use green_solutions_logo.png>
Package pdftex.def Info: green_solutions_logo.png  used on input line 129.
(pdftex.def)             Requested size: 131.79543pt x 28.45274pt.
[1]

File: green_solutions_logo.png Graphic file (type png)
<use green_solutions_logo.png>
Package pdftex.def Info: green_solutions_logo.png  used on input line 171.
(pdftex.def)             Requested size: 131.79543pt x 28.45274pt.
[2]

File: green_solutions_logo.png Graphic file (type png)
<use green_solutions_logo.png>
Package pdftex.def Info: green_solutions_logo.png  used on input line 209.
(pdftex.def)             Requested size: 131.79543pt x 28.45274pt.
[3]
Overfull \hbox (11.52792pt too wide) in paragraph at lines 222--223
[]\T1/phv/m/n/10.95 Toolbox mit ver-füg-ba-ren For-mu-lar-fel-dern (Text-feld, 
Zah-len-feld, Drop-down, Check-box, Radio-
 []



File: green_solutions_logo.png Graphic file (type png)
<use green_solutions_logo.png>
Package pdftex.def Info: green_solutions_logo.png  used on input line 264.
(pdftex.def)             Requested size: 131.79543pt x 28.45274pt.
[4]

File: green_solutions_logo.png Graphic file (type png)
<use green_solutions_logo.png>
Package pdftex.def Info: green_solutions_logo.png  used on input line 293.
(pdftex.def)             Requested size: 131.79543pt x 28.45274pt.
[5]

File: green_solutions_logo.png Graphic file (type png)
<use green_solutions_logo.png>
Package pdftex.def Info: green_solutions_logo.png  used on input line 327.
(pdftex.def)             Requested size: 131.79543pt x 28.45274pt.
[6]
Overfull \hbox (9.1729pt too wide) in paragraph at lines 343--344
\T1/phv/m/n/10.95 Während der Pro-jek-tum-set-zung konn-te ich vie-le Er-fah-ru
n-gen im Be-reich der Angular-Entwicklung
 []


Overfull \hbox (0.66518pt too wide) in paragraph at lines 343--344
\T1/phv/m/n/10.95 sam-meln. Die Ar-beit mit An-gu-lar und Ty-pe-S-cript hat mir
 ge-zeigt, wie mo-der-ne Web-Frameworks
 []



File: green_solutions_logo.png Graphic file (type png)
<use green_solutions_logo.png>
Package pdftex.def Info: green_solutions_logo.png  used on input line 347.
(pdftex.def)             Requested size: 131.79543pt x 28.45274pt.
[7]

File: green_solutions_logo.png Graphic file (type png)
<use green_solutions_logo.png>
Package pdftex.def Info: green_solutions_logo.png  used on input line 384.
(pdftex.def)             Requested size: 131.79543pt x 28.45274pt.
[8] (formular-editor-dokumentation.aux)
 ***********
LaTeX2e <2024-11-01> patch level 2
L3 programming layer <2025-01-18>
 ***********
 ) 
Here is how much of TeX's memory you used:
 4376 strings out of 473523
 74809 string characters out of 5710758
 483000 words of memory out of 5000000
 27559 multiletter control sequences out of 15000+600000
 583144 words of font info for 62 fonts, out of 8000000 for 9000
 1141 hyphenation exceptions out of 8191
 57i,16n,65p,541b,577s stack positions out of 10000i,1000n,20000p,200000b,200000s
 <C:\Users\MustafaShahin\AppData\Local\MiKTeX\fonts/pk/ljfour/jknappen/ec/dpi
600\ectt1095.pk><C:/Users/MustafaShahin/AppData/Local/Programs/MiKTeX/fonts/typ
e1/urw/helvetic/uhvb8a.pfb><C:/Users/MustafaShahin/AppData/Local/Programs/MiKTe
X/fonts/type1/urw/helvetic/uhvr8a.pfb>
Output written on formular-editor-dokumentation.pdf (9 pages, 97156 bytes).
PDF statistics:
 89 PDF objects out of 1000 (max. 8388607)
 0 named destinations out of 1000 (max. 500000)
 11 words of extra memory for PDF output out of 10000 (max. 10000000)

