\BOOKMARK [1][-]{section.1}{\376\377\000E\000i\000n\000l\000e\000i\000t\000u\000n\000g}{}% 1
\BOOKMARK [2][-]{subsection.1.1}{\376\377\000P\000r\000o\000j\000e\000k\000t\000u\000m\000f\000e\000l\000d}{section.1}% 2
\BOOKMARK [2][-]{subsection.1.2}{\376\377\000P\000r\000o\000j\000e\000k\000t\000z\000i\000e\000l}{section.1}% 3
\BOOKMARK [2][-]{subsection.1.3}{\376\377\000P\000r\000o\000j\000e\000k\000t\000b\000e\000g\000r\000\374\000n\000d\000u\000n\000g}{section.1}% 4
\BOOKMARK [2][-]{subsection.1.4}{\376\377\000P\000r\000o\000j\000e\000k\000t\000s\000c\000h\000n\000i\000t\000t\000s\000t\000e\000l\000l\000e\000n}{section.1}% 5
\BOOKMARK [2][-]{subsection.1.5}{\376\377\000P\000r\000o\000j\000e\000k\000t\000a\000b\000g\000r\000e\000n\000z\000u\000n\000g}{section.1}% 6
\BOOKMARK [1][-]{section.2}{\376\377\000P\000l\000a\000n\000u\000n\000g}{}% 7
\BOOKMARK [2][-]{subsection.2.1}{\376\377\000P\000r\000o\000j\000e\000k\000t\000p\000h\000a\000s\000e\000n}{section.2}% 8
\BOOKMARK [2][-]{subsection.2.2}{\376\377\000R\000e\000s\000s\000o\000u\000r\000c\000e\000n\000p\000l\000a\000n\000u\000n\000g}{section.2}% 9
\BOOKMARK [2][-]{subsection.2.3}{\376\377\000E\000n\000t\000w\000i\000c\000k\000l\000u\000n\000g\000s\000p\000r\000o\000z\000e\000s\000s}{section.2}% 10
\BOOKMARK [1][-]{section.3}{\376\377\000A\000n\000a\000l\000y\000s\000e}{}% 11
\BOOKMARK [2][-]{subsection.3.1}{\376\377\000D\000u\000r\000c\000h\000f\000\374\000h\000r\000u\000n\000g\000\040\000I\000s\000t\000-\000A\000n\000a\000l\000y\000s\000e}{section.3}% 12
\BOOKMARK [2][-]{subsection.3.2}{\376\377\000D\000u\000r\000c\000h\000f\000\374\000h\000r\000u\000n\000g\000\040\000S\000o\000l\000l\000-\000A\000n\000a\000l\000y\000s\000e}{section.3}% 13
\BOOKMARK [2][-]{subsection.3.3}{\376\377\000D\000u\000r\000c\000h\000f\000\374\000h\000r\000u\000n\000g\000\040\000d\000e\000r\000\040\000W\000i\000r\000t\000s\000c\000h\000a\000f\000t\000l\000i\000c\000h\000k\000e\000i\000t\000s\000a\000n\000a\000l\000y\000s\000e\000\040\000u\000n\000d\000\040\000A\000m\000o\000r\000t\000i\000s\000a\000t\000i\000o\000n\000s\000r\000e\000c\000h\000n\000u\000n\000g}{section.3}% 14
\BOOKMARK [1][-]{section.4}{\376\377\000E\000n\000t\000w\000u\000r\000f}{}% 15
\BOOKMARK [2][-]{subsection.4.1}{\376\377\000E\000n\000t\000w\000u\000r\000f\000\040\000d\000e\000r\000\040\000B\000e\000n\000u\000t\000z\000e\000r\000o\000b\000e\000r\000f\000l\000\344\000c\000h\000e}{section.4}% 16
\BOOKMARK [2][-]{subsection.4.2}{\376\377\000E\000n\000t\000w\000u\000r\000f\000\040\000d\000e\000r\000\040\000K\000o\000m\000p\000o\000n\000e\000n\000t\000e\000n\000s\000t\000r\000u\000k\000t\000u\000r}{section.4}% 17
\BOOKMARK [2][-]{subsection.4.3}{\376\377\000E\000n\000t\000w\000u\000r\000f\000\040\000d\000e\000r\000\040\000D\000a\000t\000e\000n\000h\000a\000l\000t\000u\000n\000g}{section.4}% 18
\BOOKMARK [1][-]{section.5}{\376\377\000I\000m\000p\000l\000e\000m\000e\000n\000t\000i\000e\000r\000u\000n\000g}{}% 19
\BOOKMARK [2][-]{subsection.5.1}{\376\377\000I\000m\000p\000l\000e\000m\000e\000n\000t\000i\000e\000r\000u\000n\000g\000\040\000d\000e\000r\000\040\000A\000n\000g\000u\000l\000a\000r\000-\000K\000o\000m\000p\000o\000n\000e\000n\000t\000e\000n}{section.5}% 20
\BOOKMARK [2][-]{subsection.5.2}{\376\377\000I\000m\000p\000l\000e\000m\000e\000n\000t\000i\000e\000r\000u\000n\000g\000\040\000d\000e\000r\000\040\000D\000r\000a\000g\000-\000a\000n\000d\000-\000D\000r\000o\000p\000-\000F\000u\000n\000k\000t\000i\000o\000n\000a\000l\000i\000t\000\344\000t}{section.5}% 21
\BOOKMARK [2][-]{subsection.5.3}{\376\377\000I\000n\000t\000e\000g\000r\000a\000t\000i\000o\000n\000\040\000i\000n\000\040\000d\000a\000s\000\040\000b\000e\000s\000t\000e\000h\000e\000n\000d\000e\000\040\000S\000y\000s\000t\000e\000m}{section.5}% 22
\BOOKMARK [2][-]{subsection.5.4}{\376\377\000I\000m\000p\000l\000e\000m\000e\000n\000t\000i\000e\000r\000u\000n\000g\000\040\000d\000e\000r\000\040\000K\000o\000n\000f\000i\000g\000u\000r\000a\000t\000i\000o\000n}{section.5}% 23
\BOOKMARK [1][-]{section.6}{\376\377\000A\000b\000n\000a\000h\000m\000e}{}% 24
\BOOKMARK [2][-]{subsection.6.1}{\376\377\000D\000u\000r\000c\000h\000f\000\374\000h\000r\000u\000n\000g\000\040\000d\000e\000r\000\040\000T\000e\000s\000t\000s}{section.6}% 25
\BOOKMARK [2][-]{subsection.6.2}{\376\377\000C\000o\000d\000e\000\040\000R\000e\000v\000i\000e\000w}{section.6}% 26
\BOOKMARK [2][-]{subsection.6.3}{\376\377\000A\000b\000n\000a\000h\000m\000e\000\040\000d\000u\000r\000c\000h\000\040\000d\000e\000n\000\040\000P\000r\000o\000j\000e\000k\000t\000v\000e\000r\000a\000n\000t\000w\000o\000r\000t\000l\000i\000c\000h\000e\000n}{section.6}% 27
\BOOKMARK [1][-]{section.7}{\376\377\000I\000n\000t\000e\000r\000n\000e\000\040\000D\000o\000k\000u\000m\000e\000n\000t\000a\000t\000i\000o\000n\000e\000n}{}% 28
\BOOKMARK [2][-]{subsection.7.1}{\376\377\000E\000r\000s\000t\000e\000l\000l\000u\000n\000g\000\040\000d\000e\000r\000\040\000E\000n\000t\000w\000i\000c\000k\000l\000e\000r\000d\000o\000k\000u\000m\000e\000n\000t\000a\000t\000i\000o\000n}{section.7}% 29
\BOOKMARK [2][-]{subsection.7.2}{\376\377\000E\000r\000s\000t\000e\000l\000l\000u\000n\000g\000\040\000d\000e\000s\000\040\000B\000e\000n\000u\000t\000z\000e\000r\000h\000a\000n\000d\000b\000u\000c\000h\000s}{section.7}% 30
\BOOKMARK [1][-]{section.8}{\376\377\000F\000a\000z\000i\000t}{}% 31
\BOOKMARK [2][-]{subsection.8.1}{\376\377\000S\000o\000l\000l\000-\000/\000I\000s\000t\000-\000V\000e\000r\000g\000l\000e\000i\000c\000h}{section.8}% 32
\BOOKMARK [2][-]{subsection.8.2}{\376\377\000A\000u\000s\000b\000l\000i\000c\000k}{section.8}% 33
\BOOKMARK [2][-]{subsection.8.3}{\376\377\000G\000e\000l\000e\000r\000n\000t\000e\000s}{section.8}% 34
\BOOKMARK [1][-]{appendix.A}{\376\377\000A\000n\000h\000a\000n\000g}{}% 35
\BOOKMARK [2][-]{subsection.A.1}{\376\377\000A\0001\000\040\000D\000e\000t\000a\000i\000l\000l\000i\000e\000r\000t\000e\000\040\000Z\000e\000i\000t\000p\000l\000a\000n\000u\000n\000g}{appendix.A}% 36
